<?xml version="1.0" encoding="UTF-8"?>
<!-- Generated by org.testng.reporters.JUnitXMLReporter -->
<testsuite ignored="4" hostname="Sakthi" failures="0" tests="1" name="Default test" time="3.378" errors="0" timestamp="2024-04-20T15:47:51 IST">
  <testcase classname="TestTrail.Runner" name="getRequest_04_ObjectMapper" time="3.312"/>
  <testcase classname="TestTrail.Runner" name="getRequest_04_JsonPath" time="0.0">
    <ignored/>
  </testcase> <!-- getRequest_04_JsonPath -->
  <testcase classname="TestTrail.Runner" name="getRequest_03_Using_JSONArray" time="0.0">
    <ignored/>
  </testcase> <!-- getRequest_03_Using_JSONArray -->
  <testcase classname="TestTrail.Runner" name="getRequest_02_Nested_JSON" time="0.0">
    <ignored/>
  </testcase> <!-- getRequest_02_Nested_JSON -->
  <testcase classname="TestTrail.Runner" name="getRequest_01_Simple_JSOn" time="0.0">
    <ignored/>
  </testcase> <!-- getRequest_01_Simple_JSOn -->
</testsuite> <!-- Default test -->
