<?xml version="1.0" encoding="UTF-8"?>
<testng-results ignored="4" total="5" passed="1" failed="0" skipped="0">
  <reporter-output>
  </reporter-output>
  <suite started-at="2024-04-20T15:47:47 IST" name="Default suite" finished-at="2024-04-20T15:47:51 IST" duration-ms="3378">
    <groups>
    </groups>
    <test started-at="2024-04-20T15:47:47 IST" name="Default test" finished-at="2024-04-20T15:47:51 IST" duration-ms="3378">
      <class name="TestTrail.Runner">
        <test-method signature="getRequest_04_ObjectMapper()[pri:0, instance:TestTrail.Runner@54a7079e]" started-at="2024-04-20T15:47:48 IST" name="getRequest_04_ObjectMapper" finished-at="2024-04-20T15:47:51 IST" duration-ms="3312" status="PASS">
          <reporter-output>
          </reporter-output>
        </test-method> <!-- getRequest_04_ObjectMapper -->
      </class> <!-- TestTrail.Runner -->
    </test> <!-- Default test -->
  </suite> <!-- Default suite -->
</testng-results>
